[2024-06-15 18:12:37] local.ERROR: PDOException: SQLSTATE[23000]: Integrity constraint violation: 1048 Column 'time_period' cannot be null in D:\www\senangpay\vendor\laravel\framework\src\Illuminate\Database\Connection.php:390
Stack trace:
#0 D:\www\senangpay\vendor\laravel\framework\src\Illuminate\Database\Connection.php(390): PDOStatement->execute(Array)
#1 D:\www\senangpay\vendor\laravel\framework\src\Illuminate\Database\Connection.php(659): Illuminate\Database\Connection->Illuminate\Database\{closure}(Object(Illuminate\Database\MySqlConnection), 'insert into `do...', Array)
#2 D:\www\senangpay\vendor\laravel\framework\src\Illuminate\Database\Connection.php(622): Illuminate\Database\Connection->runQueryCallback('insert into `do...', Array, Object(Closure))
#3 D:\www\senangpay\vendor\laravel\framework\src\Illuminate\Database\Connection.php(391): Illuminate\Database\Connection->run('insert into `do...', Array, Object(Closure))
#4 D:\www\senangpay\vendor\laravel\framework\src\Illuminate\Database\Connection.php(347): Illuminate\Database\Connection->statement('insert into `do...', Array)
#5 D:\www\senangpay\vendor\laravel\framework\src\Illuminate\Database\Query\Processors\Processor.php(32): Illuminate\Database\Connection->insert('insert into `do...', Array)
#6 D:\www\senangpay\vendor\laravel\framework\src\Illuminate\Database\Query\Builder.php(1843): Illuminate\Database\Query\Processors\Processor->processInsertGetId(Object(Illuminate\Database\Query\Builder), 'insert into `do...', Array, 'id')
#7 [internal function]: Illuminate\Database\Query\Builder->insertGetId(Array, 'id')
#8 D:\www\senangpay\vendor\laravel\framework\src\Illuminate\Database\Eloquent\Builder.php(1015): call_user_func_array(Array, Array)
#9 D:\www\senangpay\vendor\laravel\framework\src\Illuminate\Database\Eloquent\Model.php(1592): Illuminate\Database\Eloquent\Builder->__call('insertGetId', Array)
#10 D:\www\senangpay\vendor\laravel\framework\src\Illuminate\Database\Eloquent\Model.php(1561): Illuminate\Database\Eloquent\Model->insertAndSetId(Object(Illuminate\Database\Eloquent\Builder), Array)
#11 D:\www\senangpay\vendor\laravel\framework\src\Illuminate\Database\Eloquent\Model.php(1452): Illuminate\Database\Eloquent\Model->performInsert(Object(Illuminate\Database\Eloquent\Builder), Array)
#12 D:\www\senangpay\app\Http\Controllers\front\UsersController.php(8234): Illuminate\Database\Eloquent\Model->save()
#13 [internal function]: App\Http\Controllers\front\UsersController->saveDonation()
#14 D:\www\senangpay\vendor\laravel\framework\src\Illuminate\Routing\Controller.php(256): call_user_func_array(Array, Array)
#15 D:\www\senangpay\vendor\laravel\framework\src\Illuminate\Routing\ControllerDispatcher.php(164): Illuminate\Routing\Controller->callAction('saveDonation', Array)
#16 D:\www\senangpay\vendor\laravel\framework\src\Illuminate\Routing\ControllerDispatcher.php(112): Illuminate\Routing\ControllerDispatcher->call(Object(App\Http\Controllers\front\UsersController), Object(Illuminate\Routing\Route), 'saveDonation')
#17 [internal function]: Illuminate\Routing\ControllerDispatcher->Illuminate\Routing\{closure}(Object(Illuminate\Http\Request))
#18 D:\www\senangpay\vendor\laravel\framework\src\Illuminate\Pipeline\Pipeline.php(139): call_user_func(Object(Closure), Object(Illuminate\Http\Request))
#19 [internal function]: Illuminate\Pipeline\Pipeline->Illuminate\Pipeline\{closure}(Object(Illuminate\Http\Request))
#20 D:\www\senangpay\vendor\laravel\framework\src\Illuminate\Pipeline\Pipeline.php(102): call_user_func(Object(Closure), Object(Illuminate\Http\Request))
#21 D:\www\senangpay\vendor\laravel\framework\src\Illuminate\Routing\ControllerDispatcher.php(114): Illuminate\Pipeline\Pipeline->then(Object(Closure))
#22 D:\www\senangpay\vendor\laravel\framework\src\Illuminate\Routing\ControllerDispatcher.php(68): Illuminate\Routing\ControllerDispatcher->callWithinStack(Object(App\Http\Controllers\front\UsersController), Object(Illuminate\Routing\Route), Object(Illuminate\Http\Request), 'saveDonation')
#23 D:\www\senangpay\vendor\laravel\framework\src\Illuminate\Routing\Route.php(203): Illuminate\Routing\ControllerDispatcher->dispatch(Object(Illuminate\Routing\Route), Object(Illuminate\Http\Request), 'App\\Http\\Contro...', 'saveDonation')
#24 D:\www\senangpay\vendor\laravel\framework\src\Illuminate\Routing\Route.php(134): Illuminate\Routing\Route->runWithCustomDispatcher(Object(Illuminate\Http\Request))
#25 D:\www\senangpay\vendor\laravel\framework\src\Illuminate\Routing\Router.php(708): Illuminate\Routing\Route->run(Object(Illuminate\Http\Request))
#26 [internal function]: Illuminate\Routing\Router->Illuminate\Routing\{closure}(Object(Illuminate\Http\Request))
#27 D:\www\senangpay\vendor\laravel\framework\src\Illuminate\Pipeline\Pipeline.php(139): call_user_func(Object(Closure), Object(Illuminate\Http\Request))
#28 D:\www\senangpay\app\Http\Middleware\GuestFront.php(30): Illuminate\Pipeline\Pipeline->Illuminate\Pipeline\{closure}(Object(Illuminate\Http\Request))
#29 [internal function]: App\Http\Middleware\GuestFront->handle(Object(Illuminate\Http\Request), Object(Closure))
#30 D:\www\senangpay\vendor\laravel\framework\src\Illuminate\Pipeline\Pipeline.php(124): call_user_func_array(Array, Array)
#31 [internal function]: Illuminate\Pipeline\Pipeline->Illuminate\Pipeline\{closure}(Object(Illuminate\Http\Request))
#32 D:\www\senangpay\vendor\laravel\framework\src\Illuminate\Pipeline\Pipeline.php(102): call_user_func(Object(Closure), Object(Illuminate\Http\Request))
#33 D:\www\senangpay\vendor\laravel\framework\src\Illuminate\Routing\Router.php(710): Illuminate\Pipeline\Pipeline->then(Object(Closure))
#34 D:\www\senangpay\vendor\laravel\framework\src\Illuminate\Routing\Router.php(674): Illuminate\Routing\Router->runRouteWithinStack(Object(Illuminate\Routing\Route), Object(Illuminate\Http\Request))
#35 D:\www\senangpay\vendor\laravel\framework\src\Illuminate\Routing\Router.php(635): Illuminate\Routing\Router->dispatchToRoute(Object(Illuminate\Http\Request))
#36 D:\www\senangpay\vendor\laravel\framework\src\Illuminate\Foundation\Http\Kernel.php(236): Illuminate\Routing\Router->dispatch(Object(Illuminate\Http\Request))
#37 [internal function]: Illuminate\Foundation\Http\Kernel->Illuminate\Foundation\Http\{closure}(Object(Illuminate\Http\Request))
#38 D:\www\senangpay\vendor\laravel\framework\src\Illuminate\Pipeline\Pipeline.php(139): call_user_func(Object(Closure), Object(Illuminate\Http\Request))
#39 D:\www\senangpay\vendor\laravel\framework\src\Illuminate\View\Middleware\ShareErrorsFromSession.php(49): Illuminate\Pipeline\Pipeline->Illuminate\Pipeline\{closure}(Object(Illuminate\Http\Request))
#40 [internal function]: Illuminate\View\Middleware\ShareErrorsFromSession->handle(Object(Illuminate\Http\Request), Object(Closure))
#41 D:\www\senangpay\vendor\laravel\framework\src\Illuminate\Pipeline\Pipeline.php(124): call_user_func_array(Array, Array)
#42 D:\www\senangpay\vendor\laravel\framework\src\Illuminate\Session\Middleware\StartSession.php(62): Illuminate\Pipeline\Pipeline->Illuminate\Pipeline\{closure}(Object(Illuminate\Http\Request))
#43 [internal function]: Illuminate\Session\Middleware\StartSession->handle(Object(Illuminate\Http\Request), Object(Closure))
#44 D:\www\senangpay\vendor\laravel\framework\src\Illuminate\Pipeline\Pipeline.php(124): call_user_func_array(Array, Array)
#45 D:\www\senangpay\vendor\laravel\framework\src\Illuminate\Cookie\Middleware\AddQueuedCookiesToResponse.php(37): Illuminate\Pipeline\Pipeline->Illuminate\Pipeline\{closure}(Object(Illuminate\Http\Request))
#46 [internal function]: Illuminate\Cookie\Middleware\AddQueuedCookiesToResponse->handle(Object(Illuminate\Http\Request), Object(Closure))
#47 D:\www\senangpay\vendor\laravel\framework\src\Illuminate\Pipeline\Pipeline.php(124): call_user_func_array(Array, Array)
#48 D:\www\senangpay\vendor\laravel\framework\src\Illuminate\Cookie\Middleware\EncryptCookies.php(59): Illuminate\Pipeline\Pipeline->Illuminate\Pipeline\{closure}(Object(Illuminate\Http\Request))
#49 [internal function]: Illuminate\Cookie\Middleware\EncryptCookies->handle(Object(Illuminate\Http\Request), Object(Closure))
#50 D:\www\senangpay\vendor\laravel\framework\src\Illuminate\Pipeline\Pipeline.php(124): call_user_func_array(Array, Array)
#51 D:\www\senangpay\vendor\laravel\framework\src\Illuminate\Foundation\Http\Middleware\CheckForMaintenanceMode.php(44): Illuminate\Pipeline\Pipeline->Illuminate\Pipeline\{closure}(Object(Illuminate\Http\Request))
#52 [internal function]: Illuminate\Foundation\Http\Middleware\CheckForMaintenanceMode->handle(Object(Illuminate\Http\Request), Object(Closure))
#53 D:\www\senangpay\vendor\laravel\framework\src\Illuminate\Pipeline\Pipeline.php(124): call_user_func_array(Array, Array)
#54 [internal function]: Illuminate\Pipeline\Pipeline->Illuminate\Pipeline\{closure}(Object(Illuminate\Http\Request))
#55 D:\www\senangpay\vendor\laravel\framework\src\Illuminate\Pipeline\Pipeline.php(102): call_user_func(Object(Closure), Object(Illuminate\Http\Request))
#56 D:\www\senangpay\vendor\laravel\framework\src\Illuminate\Foundation\Http\Kernel.php(122): Illuminate\Pipeline\Pipeline->then(Object(Closure))
#57 D:\www\senangpay\vendor\laravel\framework\src\Illuminate\Foundation\Http\Kernel.php(87): Illuminate\Foundation\Http\Kernel->sendRequestThroughRouter(Object(Illuminate\Http\Request))
#58 D:\www\senangpay\public\index.php(53): Illuminate\Foundation\Http\Kernel->handle(Object(Illuminate\Http\Request))
#59 {main}

Next Illuminate\Database\QueryException: SQLSTATE[23000]: Integrity constraint violation: 1048 Column 'time_period' cannot be null (SQL: insert into `donation_orders` (`user_id`, `unique_donation_id`, `sub_project_id`, `is_recurring`, `plan_type`, `plan_price`, `time_period`, `other_plan_price`, `other_time_period`, `default_project_plan`, `total_contribution`, `quantity_project_plan`, `quantity`, `dana_default_project_plan`, `dana_property_plan`, `extra_note`, `dana_vendor`, `full_name`, `postcode`, `payment_method`, `phone`, `email`, `address`, `ic_number`, `refrence_id`, `company_name`, `registration_number`, `is_active`, `updated_at`, `created_at`) values (0, OS126846, 133, 0, , 10, , , , 96, 10, , , , , , , jdfjd;fjai;sdh, 3164, 11, 6331365161461, kkkh@iuhiuhiu.uisdhf, , , , , , 1, 2024-06-15 18:12:37, 2024-06-15 18:12:37)) in D:\www\senangpay\vendor\laravel\framework\src\Illuminate\Database\Connection.php:666
Stack trace:
#0 D:\www\senangpay\vendor\laravel\framework\src\Illuminate\Database\Connection.php(622): Illuminate\Database\Connection->runQueryCallback('insert into `do...', Array, Object(Closure))
#1 D:\www\senangpay\vendor\laravel\framework\src\Illuminate\Database\Connection.php(391): Illuminate\Database\Connection->run('insert into `do...', Array, Object(Closure))
#2 D:\www\senangpay\vendor\laravel\framework\src\Illuminate\Database\Connection.php(347): Illuminate\Database\Connection->statement('insert into `do...', Array)
#3 D:\www\senangpay\vendor\laravel\framework\src\Illuminate\Database\Query\Processors\Processor.php(32): Illuminate\Database\Connection->insert('insert into `do...', Array)
#4 D:\www\senangpay\vendor\laravel\framework\src\Illuminate\Database\Query\Builder.php(1843): Illuminate\Database\Query\Processors\Processor->processInsertGetId(Object(Illuminate\Database\Query\Builder), 'insert into `do...', Array, 'id')
#5 [internal function]: Illuminate\Database\Query\Builder->insertGetId(Array, 'id')
#6 D:\www\senangpay\vendor\laravel\framework\src\Illuminate\Database\Eloquent\Builder.php(1015): call_user_func_array(Array, Array)
#7 D:\www\senangpay\vendor\laravel\framework\src\Illuminate\Database\Eloquent\Model.php(1592): Illuminate\Database\Eloquent\Builder->__call('insertGetId', Array)
#8 D:\www\senangpay\vendor\laravel\framework\src\Illuminate\Database\Eloquent\Model.php(1561): Illuminate\Database\Eloquent\Model->insertAndSetId(Object(Illuminate\Database\Eloquent\Builder), Array)
#9 D:\www\senangpay\vendor\laravel\framework\src\Illuminate\Database\Eloquent\Model.php(1452): Illuminate\Database\Eloquent\Model->performInsert(Object(Illuminate\Database\Eloquent\Builder), Array)
#10 D:\www\senangpay\app\Http\Controllers\front\UsersController.php(8234): Illuminate\Database\Eloquent\Model->save()
#11 [internal function]: App\Http\Controllers\front\UsersController->saveDonation()
#12 D:\www\senangpay\vendor\laravel\framework\src\Illuminate\Routing\Controller.php(256): call_user_func_array(Array, Array)
#13 D:\www\senangpay\vendor\laravel\framework\src\Illuminate\Routing\ControllerDispatcher.php(164): Illuminate\Routing\Controller->callAction('saveDonation', Array)
#14 D:\www\senangpay\vendor\laravel\framework\src\Illuminate\Routing\ControllerDispatcher.php(112): Illuminate\Routing\ControllerDispatcher->call(Object(App\Http\Controllers\front\UsersController), Object(Illuminate\Routing\Route), 'saveDonation')
#15 [internal function]: Illuminate\Routing\ControllerDispatcher->Illuminate\Routing\{closure}(Object(Illuminate\Http\Request))
#16 D:\www\senangpay\vendor\laravel\framework\src\Illuminate\Pipeline\Pipeline.php(139): call_user_func(Object(Closure), Object(Illuminate\Http\Request))
#17 [internal function]: Illuminate\Pipeline\Pipeline->Illuminate\Pipeline\{closure}(Object(Illuminate\Http\Request))
#18 D:\www\senangpay\vendor\laravel\framework\src\Illuminate\Pipeline\Pipeline.php(102): call_user_func(Object(Closure), Object(Illuminate\Http\Request))
#19 D:\www\senangpay\vendor\laravel\framework\src\Illuminate\Routing\ControllerDispatcher.php(114): Illuminate\Pipeline\Pipeline->then(Object(Closure))
#20 D:\www\senangpay\vendor\laravel\framework\src\Illuminate\Routing\ControllerDispatcher.php(68): Illuminate\Routing\ControllerDispatcher->callWithinStack(Object(App\Http\Controllers\front\UsersController), Object(Illuminate\Routing\Route), Object(Illuminate\Http\Request), 'saveDonation')
#21 D:\www\senangpay\vendor\laravel\framework\src\Illuminate\Routing\Route.php(203): Illuminate\Routing\ControllerDispatcher->dispatch(Object(Illuminate\Routing\Route), Object(Illuminate\Http\Request), 'App\\Http\\Contro...', 'saveDonation')
#22 D:\www\senangpay\vendor\laravel\framework\src\Illuminate\Routing\Route.php(134): Illuminate\Routing\Route->runWithCustomDispatcher(Object(Illuminate\Http\Request))
#23 D:\www\senangpay\vendor\laravel\framework\src\Illuminate\Routing\Router.php(708): Illuminate\Routing\Route->run(Object(Illuminate\Http\Request))
#24 [internal function]: Illuminate\Routing\Router->Illuminate\Routing\{closure}(Object(Illuminate\Http\Request))
#25 D:\www\senangpay\vendor\laravel\framework\src\Illuminate\Pipeline\Pipeline.php(139): call_user_func(Object(Closure), Object(Illuminate\Http\Request))
#26 D:\www\senangpay\app\Http\Middleware\GuestFront.php(30): Illuminate\Pipeline\Pipeline->Illuminate\Pipeline\{closure}(Object(Illuminate\Http\Request))
#27 [internal function]: App\Http\Middleware\GuestFront->handle(Object(Illuminate\Http\Request), Object(Closure))
#28 D:\www\senangpay\vendor\laravel\framework\src\Illuminate\Pipeline\Pipeline.php(124): call_user_func_array(Array, Array)
#29 [internal function]: Illuminate\Pipeline\Pipeline->Illuminate\Pipeline\{closure}(Object(Illuminate\Http\Request))
#30 D:\www\senangpay\vendor\laravel\framework\src\Illuminate\Pipeline\Pipeline.php(102): call_user_func(Object(Closure), Object(Illuminate\Http\Request))
#31 D:\www\senangpay\vendor\laravel\framework\src\Illuminate\Routing\Router.php(710): Illuminate\Pipeline\Pipeline->then(Object(Closure))
#32 D:\www\senangpay\vendor\laravel\framework\src\Illuminate\Routing\Router.php(674): Illuminate\Routing\Router->runRouteWithinStack(Object(Illuminate\Routing\Route), Object(Illuminate\Http\Request))
#33 D:\www\senangpay\vendor\laravel\framework\src\Illuminate\Routing\Router.php(635): Illuminate\Routing\Router->dispatchToRoute(Object(Illuminate\Http\Request))
#34 D:\www\senangpay\vendor\laravel\framework\src\Illuminate\Foundation\Http\Kernel.php(236): Illuminate\Routing\Router->dispatch(Object(Illuminate\Http\Request))
#35 [internal function]: Illuminate\Foundation\Http\Kernel->Illuminate\Foundation\Http\{closure}(Object(Illuminate\Http\Request))
#36 D:\www\senangpay\vendor\laravel\framework\src\Illuminate\Pipeline\Pipeline.php(139): call_user_func(Object(Closure), Object(Illuminate\Http\Request))
#37 D:\www\senangpay\vendor\laravel\framework\src\Illuminate\View\Middleware\ShareErrorsFromSession.php(49): Illuminate\Pipeline\Pipeline->Illuminate\Pipeline\{closure}(Object(Illuminate\Http\Request))
#38 [internal function]: Illuminate\View\Middleware\ShareErrorsFromSession->handle(Object(Illuminate\Http\Request), Object(Closure))
#39 D:\www\senangpay\vendor\laravel\framework\src\Illuminate\Pipeline\Pipeline.php(124): call_user_func_array(Array, Array)
#40 D:\www\senangpay\vendor\laravel\framework\src\Illuminate\Session\Middleware\StartSession.php(62): Illuminate\Pipeline\Pipeline->Illuminate\Pipeline\{closure}(Object(Illuminate\Http\Request))
#41 [internal function]: Illuminate\Session\Middleware\StartSession->handle(Object(Illuminate\Http\Request), Object(Closure))
#42 D:\www\senangpay\vendor\laravel\framework\src\Illuminate\Pipeline\Pipeline.php(124): call_user_func_array(Array, Array)
#43 D:\www\senangpay\vendor\laravel\framework\src\Illuminate\Cookie\Middleware\AddQueuedCookiesToResponse.php(37): Illuminate\Pipeline\Pipeline->Illuminate\Pipeline\{closure}(Object(Illuminate\Http\Request))
#44 [internal function]: Illuminate\Cookie\Middleware\AddQueuedCookiesToResponse->handle(Object(Illuminate\Http\Request), Object(Closure))
#45 D:\www\senangpay\vendor\laravel\framework\src\Illuminate\Pipeline\Pipeline.php(124): call_user_func_array(Array, Array)
#46 D:\www\senangpay\vendor\laravel\framework\src\Illuminate\Cookie\Middleware\EncryptCookies.php(59): Illuminate\Pipeline\Pipeline->Illuminate\Pipeline\{closure}(Object(Illuminate\Http\Request))
#47 [internal function]: Illuminate\Cookie\Middleware\EncryptCookies->handle(Object(Illuminate\Http\Request), Object(Closure))
#48 D:\www\senangpay\vendor\laravel\framework\src\Illuminate\Pipeline\Pipeline.php(124): call_user_func_array(Array, Array)
#49 D:\www\senangpay\vendor\laravel\framework\src\Illuminate\Foundation\Http\Middleware\CheckForMaintenanceMode.php(44): Illuminate\Pipeline\Pipeline->Illuminate\Pipeline\{closure}(Object(Illuminate\Http\Request))
#50 [internal function]: Illuminate\Foundation\Http\Middleware\CheckForMaintenanceMode->handle(Object(Illuminate\Http\Request), Object(Closure))
#51 D:\www\senangpay\vendor\laravel\framework\src\Illuminate\Pipeline\Pipeline.php(124): call_user_func_array(Array, Array)
#52 [internal function]: Illuminate\Pipeline\Pipeline->Illuminate\Pipeline\{closure}(Object(Illuminate\Http\Request))
#53 D:\www\senangpay\vendor\laravel\framework\src\Illuminate\Pipeline\Pipeline.php(102): call_user_func(Object(Closure), Object(Illuminate\Http\Request))
#54 D:\www\senangpay\vendor\laravel\framework\src\Illuminate\Foundation\Http\Kernel.php(122): Illuminate\Pipeline\Pipeline->then(Object(Closure))
#55 D:\www\senangpay\vendor\laravel\framework\src\Illuminate\Foundation\Http\Kernel.php(87): Illuminate\Foundation\Http\Kernel->sendRequestThroughRouter(Object(Illuminate\Http\Request))
#56 D:\www\senangpay\public\index.php(53): Illuminate\Foundation\Http\Kernel->handle(Object(Illuminate\Http\Request))
#57 {main}  
[2024-06-15 19:48:18] local.ERROR: PDOException: SQLSTATE[HY000] [1049] Unknown database 'sengapaywork' in D:\www\senangpay\vendor\laravel\framework\src\Illuminate\Database\Connectors\Connector.php:55
Stack trace:
#0 D:\www\senangpay\vendor\laravel\framework\src\Illuminate\Database\Connectors\Connector.php(55): PDO->__construct('mysql:host=loca...', 'root', '', Array)
#1 D:\www\senangpay\vendor\laravel\framework\src\Illuminate\Database\Connectors\MySqlConnector.php(22): Illuminate\Database\Connectors\Connector->createConnection('mysql:host=loca...', Array, Array)
#2 D:\www\senangpay\vendor\laravel\framework\src\Illuminate\Database\Connectors\ConnectionFactory.php(60): Illuminate\Database\Connectors\MySqlConnector->connect(Array)
#3 D:\www\senangpay\vendor\laravel\framework\src\Illuminate\Database\Connectors\ConnectionFactory.php(49): Illuminate\Database\Connectors\ConnectionFactory->createSingleConnection(Array)
#4 D:\www\senangpay\vendor\laravel\framework\src\Illuminate\Database\DatabaseManager.php(175): Illuminate\Database\Connectors\ConnectionFactory->make(Array, 'mysql')
#5 D:\www\senangpay\vendor\laravel\framework\src\Illuminate\Database\DatabaseManager.php(67): Illuminate\Database\DatabaseManager->makeConnection('mysql')
#6 D:\www\senangpay\vendor\laravel\framework\src\Illuminate\Database\DatabaseManager.php(296): Illuminate\Database\DatabaseManager->connection()
#7 D:\www\senangpay\vendor\laravel\framework\src\Illuminate\Support\Facades\Facade.php(213): Illuminate\Database\DatabaseManager->__call('enableQueryLog', Array)
#8 D:\www\senangpay\app\Http\routes.php(2): Illuminate\Support\Facades\Facade::__callStatic('enableQueryLog', Array)
#9 D:\www\senangpay\app\Providers\RouteServiceProvider.php(75): require('D:\\www\\senangpa...')
#10 [internal function]: App\Providers\RouteServiceProvider->App\Providers\{closure}(Object(Illuminate\Routing\Router))
#11 D:\www\senangpay\vendor\laravel\framework\src\Illuminate\Routing\Router.php(354): call_user_func(Object(Closure), Object(Illuminate\Routing\Router))
#12 D:\www\senangpay\app\Providers\RouteServiceProvider.php(76): Illuminate\Routing\Router->group(Array, Object(Closure))
#13 [internal function]: App\Providers\RouteServiceProvider->map(Object(Illuminate\Routing\Router))
#14 D:\www\senangpay\vendor\laravel\framework\src\Illuminate\Container\Container.php(507): call_user_func_array(Array, Array)
#15 D:\www\senangpay\vendor\laravel\framework\src\Illuminate\Foundation\Support\Providers\RouteServiceProvider.php(72): Illuminate\Container\Container->call(Array)
#16 D:\www\senangpay\vendor\laravel\framework\src\Illuminate\Foundation\Support\Providers\RouteServiceProvider.php(31): Illuminate\Foundation\Support\Providers\RouteServiceProvider->loadRoutes()
#17 D:\www\senangpay\app\Providers\RouteServiceProvider.php(63): Illuminate\Foundation\Support\Providers\RouteServiceProvider->boot(Object(Illuminate\Routing\Router))
#18 [internal function]: App\Providers\RouteServiceProvider->boot(Object(Illuminate\Routing\Router))
#19 D:\www\senangpay\vendor\laravel\framework\src\Illuminate\Container\Container.php(507): call_user_func_array(Array, Array)
#20 D:\www\senangpay\vendor\laravel\framework\src\Illuminate\Foundation\Application.php(734): Illuminate\Container\Container->call(Array)
#21 D:\www\senangpay\vendor\laravel\framework\src\Illuminate\Foundation\Application.php(717): Illuminate\Foundation\Application->bootProvider(Object(App\Providers\RouteServiceProvider))
#22 [internal function]: Illuminate\Foundation\Application->Illuminate\Foundation\{closure}(Object(App\Providers\RouteServiceProvider), 18)
#23 D:\www\senangpay\vendor\laravel\framework\src\Illuminate\Foundation\Application.php(718): array_walk(Array, Object(Closure))
#24 D:\www\senangpay\vendor\laravel\framework\src\Illuminate\Foundation\Bootstrap\BootProviders.php(17): Illuminate\Foundation\Application->boot()
#25 D:\www\senangpay\vendor\laravel\framework\src\Illuminate\Foundation\Application.php(203): Illuminate\Foundation\Bootstrap\BootProviders->bootstrap(Object(Illuminate\Foundation\Application))
#26 D:\www\senangpay\vendor\laravel\framework\src\Illuminate\Foundation\Http\Kernel.php(222): Illuminate\Foundation\Application->bootstrapWith(Array)
#27 D:\www\senangpay\vendor\laravel\framework\src\Illuminate\Foundation\Http\Kernel.php(117): Illuminate\Foundation\Http\Kernel->bootstrap()
#28 D:\www\senangpay\vendor\laravel\framework\src\Illuminate\Foundation\Http\Kernel.php(87): Illuminate\Foundation\Http\Kernel->sendRequestThroughRouter(Object(Illuminate\Http\Request))
#29 D:\www\senangpay\public\index.php(53): Illuminate\Foundation\Http\Kernel->handle(Object(Illuminate\Http\Request))
#30 {main}  
